{"total": {"lines":{"total":382,"covered":270,"skipped":0,"pct":70.68},"statements":{"total":452,"covered":314,"skipped":0,"pct":69.46},"functions":{"total":101,"covered":53,"skipped":0,"pct":52.47},"branches":{"total":170,"covered":102,"skipped":0,"pct":60},"branchesTrue":{"total":0,"covered":0,"skipped":0,"pct":100}}
,"/Users/kevinjosehigueracorona/Documents/Aprendizaje programacion/projects/pos/backend/src/app.controller.ts": {"lines":{"total":10,"covered":8,"skipped":0,"pct":80},"functions":{"total":4,"covered":2,"skipped":0,"pct":50},"statements":{"total":12,"covered":10,"skipped":0,"pct":83.33},"branches":{"total":4,"covered":3,"skipped":0,"pct":75}}
,"/Users/kevinjosehigueracorona/Documents/Aprendizaje programacion/projects/pos/backend/src/app.service.ts": {"lines":{"total":5,"covered":3,"skipped":0,"pct":60},"functions":{"total":3,"covered":1,"skipped":0,"pct":33.33},"statements":{"total":7,"covered":5,"skipped":0,"pct":71.42},"branches":{"total":0,"covered":0,"skipped":0,"pct":100}}
,"/Users/kevinjosehigueracorona/Documents/Aprendizaje programacion/projects/pos/backend/src/seeder.ts": {"lines":{"total":8,"covered":0,"skipped":0,"pct":0},"functions":{"total":1,"covered":0,"skipped":0,"pct":0},"statements":{"total":8,"covered":0,"skipped":0,"pct":0},"branches":{"total":0,"covered":0,"skipped":0,"pct":100}}
,"/Users/kevinjosehigueracorona/Documents/Aprendizaje programacion/projects/pos/backend/src/categories/categories.controller.ts": {"lines":{"total":17,"covered":17,"skipped":0,"pct":100},"functions":{"total":6,"covered":6,"skipped":0,"pct":100},"statements":{"total":19,"covered":19,"skipped":0,"pct":100},"branches":{"total":12,"covered":9,"skipped":0,"pct":75}}
,"/Users/kevinjosehigueracorona/Documents/Aprendizaje programacion/projects/pos/backend/src/categories/categories.service.ts": {"lines":{"total":18,"covered":18,"skipped":0,"pct":100},"functions":{"total":5,"covered":5,"skipped":0,"pct":100},"statements":{"total":20,"covered":20,"skipped":0,"pct":100},"branches":{"total":6,"covered":5,"skipped":0,"pct":83.33}}
,"/Users/kevinjosehigueracorona/Documents/Aprendizaje programacion/projects/pos/backend/src/common/pipes/id-validation/id-validation.pipe.ts": {"lines":{"total":4,"covered":4,"skipped":0,"pct":100},"functions":{"total":2,"covered":2,"skipped":0,"pct":100},"statements":{"total":6,"covered":6,"skipped":0,"pct":100},"branches":{"total":0,"covered":0,"skipped":0,"pct":100}}
,"/Users/kevinjosehigueracorona/Documents/Aprendizaje programacion/projects/pos/backend/src/common/test-data/index.ts": {"lines":{"total":91,"covered":39,"skipped":0,"pct":42.85},"functions":{"total":37,"covered":0,"skipped":0,"pct":0},"statements":{"total":131,"covered":58,"skipped":0,"pct":44.27},"branches":{"total":24,"covered":0,"skipped":0,"pct":0}}
,"/Users/kevinjosehigueracorona/Documents/Aprendizaje programacion/projects/pos/backend/src/common/test-helpers/validation-test.helper.ts": {"lines":{"total":13,"covered":0,"skipped":0,"pct":0},"functions":{"total":3,"covered":0,"skipped":0,"pct":0},"statements":{"total":16,"covered":0,"skipped":0,"pct":0},"branches":{"total":2,"covered":0,"skipped":0,"pct":0}}
,"/Users/kevinjosehigueracorona/Documents/Aprendizaje programacion/projects/pos/backend/src/config/typeorm.config.ts": {"lines":{"total":2,"covered":2,"skipped":0,"pct":100},"functions":{"total":1,"covered":1,"skipped":0,"pct":100},"statements":{"total":4,"covered":4,"skipped":0,"pct":100},"branches":{"total":0,"covered":0,"skipped":0,"pct":100}}
,"/Users/kevinjosehigueracorona/Documents/Aprendizaje programacion/projects/pos/backend/src/coupons/coupons.controller.ts": {"lines":{"total":20,"covered":20,"skipped":0,"pct":100},"functions":{"total":7,"covered":7,"skipped":0,"pct":100},"statements":{"total":22,"covered":22,"skipped":0,"pct":100},"branches":{"total":16,"covered":12,"skipped":0,"pct":75}}
,"/Users/kevinjosehigueracorona/Documents/Aprendizaje programacion/projects/pos/backend/src/coupons/coupons.service.ts": {"lines":{"total":27,"covered":27,"skipped":0,"pct":100},"functions":{"total":6,"covered":6,"skipped":0,"pct":100},"statements":{"total":29,"covered":29,"skipped":0,"pct":100},"branches":{"total":10,"covered":9,"skipped":0,"pct":90}}
,"/Users/kevinjosehigueracorona/Documents/Aprendizaje programacion/projects/pos/backend/src/products/products.controller.ts": {"lines":{"total":21,"covered":21,"skipped":0,"pct":100},"functions":{"total":6,"covered":6,"skipped":0,"pct":100},"statements":{"total":23,"covered":23,"skipped":0,"pct":100},"branches":{"total":22,"covered":18,"skipped":0,"pct":81.81}}
,"/Users/kevinjosehigueracorona/Documents/Aprendizaje programacion/projects/pos/backend/src/products/products.service.ts": {"lines":{"total":38,"covered":38,"skipped":0,"pct":100},"functions":{"total":5,"covered":5,"skipped":0,"pct":100},"statements":{"total":40,"covered":40,"skipped":0,"pct":100},"branches":{"total":18,"covered":15,"skipped":0,"pct":83.33}}
,"/Users/kevinjosehigueracorona/Documents/Aprendizaje programacion/projects/pos/backend/src/seeder/seeder.service.ts": {"lines":{"total":25,"covered":0,"skipped":0,"pct":0},"functions":{"total":3,"covered":0,"skipped":0,"pct":0},"statements":{"total":27,"covered":0,"skipped":0,"pct":0},"branches":{"total":14,"covered":0,"skipped":0,"pct":0}}
,"/Users/kevinjosehigueracorona/Documents/Aprendizaje programacion/projects/pos/backend/src/seeder/data/categories.ts": {"lines":{"total":1,"covered":0,"skipped":0,"pct":0},"functions":{"total":0,"covered":0,"skipped":0,"pct":100},"statements":{"total":1,"covered":0,"skipped":0,"pct":0},"branches":{"total":0,"covered":0,"skipped":0,"pct":100}}
,"/Users/kevinjosehigueracorona/Documents/Aprendizaje programacion/projects/pos/backend/src/seeder/data/products.ts": {"lines":{"total":1,"covered":0,"skipped":0,"pct":0},"functions":{"total":0,"covered":0,"skipped":0,"pct":100},"statements":{"total":1,"covered":0,"skipped":0,"pct":0},"branches":{"total":0,"covered":0,"skipped":0,"pct":100}}
,"/Users/kevinjosehigueracorona/Documents/Aprendizaje programacion/projects/pos/backend/src/transactions/transactions.controller.ts": {"lines":{"total":14,"covered":14,"skipped":0,"pct":100},"functions":{"total":5,"covered":5,"skipped":0,"pct":100},"statements":{"total":16,"covered":16,"skipped":0,"pct":100},"branches":{"total":8,"covered":6,"skipped":0,"pct":75}}
,"/Users/kevinjosehigueracorona/Documents/Aprendizaje programacion/projects/pos/backend/src/transactions/transactions.service.ts": {"lines":{"total":67,"covered":59,"skipped":0,"pct":88.05},"functions":{"total":7,"covered":7,"skipped":0,"pct":100},"statements":{"total":70,"covered":62,"skipped":0,"pct":88.57},"branches":{"total":34,"covered":25,"skipped":0,"pct":73.52}}
}
