TN:
SF:src/app.controller.ts
FN:6,(anonymous_2)
FN:9,(anonymous_3)
FN:14,(anonymous_4)
FN:19,(anonymous_5)
FNF:4
FNH:2
FNDA:1,(anonymous_2)
FNDA:1,(anonymous_3)
FNDA:0,(anonymous_4)
FNDA:0,(anonymous_5)
DA:1,1
DA:2,1
DA:5,1
DA:6,1
DA:9,1
DA:10,1
DA:14,1
DA:15,0
DA:19,1
DA:20,0
LF:10
LH:8
BRDA:6,0,0,1
BRDA:6,0,1,0
BRDA:6,1,0,1
BRDA:6,1,1,1
BRF:4
BRH:3
end_of_record
TN:
SF:src/app.service.ts
FN:5,(anonymous_1)
FN:8,(anonymous_2)
FN:11,(anonymous_3)
FNF:3
FNH:1
FNDA:1,(anonymous_1)
FNDA:0,(anonymous_2)
FNDA:0,(anonymous_3)
DA:1,1
DA:4,1
DA:6,1
DA:9,0
DA:12,0
LF:5
LH:3
BRF:0
BRH:0
end_of_record
TN:
SF:src/seeder.ts
FN:5,bootstrap
FNF:1
FNH:0
FNDA:0,bootstrap
DA:1,0
DA:2,0
DA:3,0
DA:6,0
DA:7,0
DA:8,0
DA:9,0
DA:11,0
LF:8
LH:0
BRF:0
BRH:0
end_of_record
TN:
SF:src/categories/categories.controller.ts
FN:18,(anonymous_4)
FN:23,(anonymous_5)
FN:28,(anonymous_6)
FN:33,(anonymous_7)
FN:38,(anonymous_8)
FN:46,(anonymous_9)
FNF:6
FNH:6
FNDA:4,(anonymous_4)
FNDA:1,(anonymous_5)
FNDA:2,(anonymous_6)
FNDA:2,(anonymous_7)
FNDA:2,(anonymous_8)
FNDA:2,(anonymous_9)
DA:1,4
DA:11,4
DA:12,4
DA:13,4
DA:14,4
DA:17,4
DA:19,4
DA:23,4
DA:24,1
DA:28,4
DA:29,2
DA:33,4
DA:34,2
DA:38,4
DA:42,2
DA:46,4
DA:47,2
LF:17
LH:17
BRDA:23,0,0,4
BRDA:23,0,1,0
BRDA:23,1,0,4
BRDA:23,1,1,4
BRDA:40,2,0,4
BRDA:40,2,1,0
BRDA:40,3,0,4
BRDA:40,3,1,4
BRDA:19,4,0,4
BRDA:19,4,1,0
BRDA:19,5,0,4
BRDA:19,5,1,4
BRF:12
BRH:9
end_of_record
TN:
SF:src/categories/categories.service.ts
FN:14,(anonymous_5)
FN:18,(anonymous_6)
FN:22,(anonymous_7)
FN:30,(anonymous_8)
FN:36,(anonymous_9)
FNF:5
FNH:5
FNDA:1,(anonymous_5)
FNDA:2,(anonymous_6)
FNDA:6,(anonymous_7)
FNDA:2,(anonymous_8)
FNDA:2,(anonymous_9)
DA:1,4
DA:2,4
DA:5,4
DA:6,4
DA:9,4
DA:11,4
DA:15,1
DA:19,2
DA:23,6
DA:24,6
DA:25,3
DA:27,3
DA:31,2
DA:32,1
DA:33,1
DA:37,2
DA:38,1
DA:39,1
LF:18
LH:18
BRDA:24,0,0,3
BRDA:24,0,1,3
BRDA:11,1,0,4
BRDA:11,1,1,0
BRDA:11,2,0,4
BRDA:11,2,1,4
BRF:6
BRH:5
end_of_record
TN:
SF:src/common/pipes/id-validation/id-validation.pipe.ts
FN:5,(anonymous_2)
FN:7,(anonymous_3)
FNF:2
FNH:2
FNDA:12,(anonymous_2)
FNDA:11,(anonymous_3)
DA:1,5
DA:4,5
DA:6,12
DA:7,11
LF:4
LH:4
BRF:0
BRH:0
end_of_record
TN:
SF:src/common/test-data/index.ts
FN:44,(anonymous_9)
FN:45,(anonymous_10)
FN:47,(anonymous_11)
FN:48,(anonymous_12)
FN:51,(anonymous_13)
FN:52,(anonymous_14)
FN:54,(anonymous_15)
FN:55,(anonymous_16)
FN:57,(anonymous_17)
FN:61,(anonymous_18)
FN:63,(anonymous_19)
FN:67,(anonymous_20)
FN:80,(anonymous_21)
FN:84,(anonymous_22)
FN:98,(anonymous_23)
FN:102,(anonymous_24)
FN:107,(anonymous_25)
FN:124,(anonymous_26)
FN:125,(anonymous_27)
FN:127,(anonymous_28)
FN:128,(anonymous_29)
FN:130,(anonymous_30)
FN:131,(anonymous_31)
FN:134,(anonymous_32)
FN:136,(anonymous_33)
FN:138,(anonymous_34)
FN:145,(anonymous_35)
FN:146,(anonymous_36)
FN:149,(anonymous_37)
FN:157,(anonymous_38)
FN:158,(anonymous_39)
FN:159,(anonymous_40)
FN:183,(anonymous_41)
FN:202,(anonymous_42)
FN:221,(anonymous_43)
FN:226,(anonymous_44)
FN:231,(anonymous_45)
FNF:37
FNH:0
FNDA:0,(anonymous_9)
FNDA:0,(anonymous_10)
FNDA:0,(anonymous_11)
FNDA:0,(anonymous_12)
FNDA:0,(anonymous_13)
FNDA:0,(anonymous_14)
FNDA:0,(anonymous_15)
FNDA:0,(anonymous_16)
FNDA:0,(anonymous_17)
FNDA:0,(anonymous_18)
FNDA:0,(anonymous_19)
FNDA:0,(anonymous_20)
FNDA:0,(anonymous_21)
FNDA:0,(anonymous_22)
FNDA:0,(anonymous_23)
FNDA:0,(anonymous_24)
FNDA:0,(anonymous_25)
FNDA:0,(anonymous_26)
FNDA:0,(anonymous_27)
FNDA:0,(anonymous_28)
FNDA:0,(anonymous_29)
FNDA:0,(anonymous_30)
FNDA:0,(anonymous_31)
FNDA:0,(anonymous_32)
FNDA:0,(anonymous_33)
FNDA:0,(anonymous_34)
FNDA:0,(anonymous_35)
FNDA:0,(anonymous_36)
FNDA:0,(anonymous_37)
FNDA:0,(anonymous_38)
FNDA:0,(anonymous_39)
FNDA:0,(anonymous_40)
FNDA:0,(anonymous_41)
FNDA:0,(anonymous_42)
FNDA:0,(anonymous_43)
FNDA:0,(anonymous_44)
FNDA:0,(anonymous_45)
DA:2,4
DA:3,4
DA:9,4
DA:14,4
DA:19,4
DA:24,4
DA:25,4
DA:26,4
DA:27,4
DA:30,4
DA:31,4
DA:32,4
DA:33,4
DA:34,4
DA:35,4
DA:38,4
DA:39,4
DA:40,4
DA:41,4
DA:44,4
DA:45,0
DA:47,4
DA:48,0
DA:51,4
DA:52,0
DA:54,4
DA:55,0
DA:57,4
DA:61,0
DA:63,4
DA:67,0
DA:68,0
DA:71,0
DA:77,0
DA:80,4
DA:84,0
DA:85,0
DA:88,0
DA:94,0
DA:98,4
DA:102,0
DA:103,0
DA:106,0
DA:107,0
DA:110,0
DA:118,0
DA:124,4
DA:125,0
DA:127,4
DA:128,0
DA:130,4
DA:131,0
DA:134,4
DA:136,0
DA:138,0
DA:145,4
DA:146,0
DA:147,0
DA:149,0
DA:150,0
DA:157,4
DA:158,0
DA:159,0
DA:160,0
DA:172,4
DA:183,4
DA:189,0
DA:190,0
DA:191,0
DA:193,0
DA:202,4
DA:210,0
DA:221,4
DA:222,0
DA:226,4
DA:227,0
DA:231,4
DA:232,0
DA:233,0
DA:234,0
DA:235,0
DA:236,0
DA:238,0
DA:239,0
DA:241,0
DA:242,0
DA:244,0
DA:245,0
DA:246,0
DA:248,0
DA:257,0
LF:91
LH:39
BRDA:68,0,0,0
BRDA:68,0,1,0
BRDA:85,1,0,0
BRDA:85,1,1,0
BRDA:103,2,0,0
BRDA:103,2,1,0
BRDA:106,3,0,0
BRDA:106,3,1,0
BRDA:115,4,0,0
BRDA:115,4,1,0
BRDA:127,5,0,0
BRDA:130,6,0,0
BRDA:140,7,0,0
BRDA:140,7,1,0
BRDA:147,8,0,0
BRDA:147,8,1,0
BRDA:152,9,0,0
BRDA:152,9,1,0
BRDA:162,10,0,0
BRDA:162,10,1,0
BRDA:186,11,0,0
BRDA:187,12,0,0
BRDA:190,13,0,0
BRDA:190,13,1,0
BRF:24
BRH:0
end_of_record
TN:
SF:src/common/test-helpers/validation-test.helper.ts
FN:9,(anonymous_0)
FN:31,(anonymous_1)
FN:42,(anonymous_2)
FNF:3
FNH:0
FNDA:0,(anonymous_0)
FNDA:0,(anonymous_1)
FNDA:0,(anonymous_2)
DA:1,0
DA:2,0
DA:9,0
DA:13,0
DA:16,0
DA:19,0
DA:20,0
DA:22,0
DA:31,0
DA:32,0
DA:42,0
DA:49,0
DA:52,0
LF:13
LH:0
BRDA:11,0,0,0
BRDA:46,1,0,0
BRF:2
BRH:0
end_of_record
TN:
SF:src/config/typeorm.config.ts
FN:5,(anonymous_0)
FNF:1
FNH:1
FNDA:1,(anonymous_0)
DA:3,1
DA:5,1
LF:2
LH:2
BRF:0
BRH:0
end_of_record
TN:
SF:src/coupons/coupons.controller.ts
FN:10,(anonymous_4)
FN:13,(anonymous_5)
FN:18,(anonymous_6)
FN:23,(anonymous_7)
FN:28,(anonymous_8)
FN:33,(anonymous_9)
FN:39,(anonymous_10)
FNF:7
FNH:7
FNDA:3,(anonymous_4)
FNDA:1,(anonymous_5)
FNDA:2,(anonymous_6)
FNDA:2,(anonymous_7)
FNDA:2,(anonymous_8)
FNDA:2,(anonymous_9)
FNDA:3,(anonymous_10)
DA:1,3
DA:2,3
DA:3,3
DA:4,3
DA:5,3
DA:6,3
DA:9,3
DA:10,3
DA:13,3
DA:14,1
DA:18,3
DA:19,2
DA:23,3
DA:24,2
DA:28,3
DA:29,2
DA:33,3
DA:34,2
DA:39,3
DA:40,3
LF:20
LH:20
BRDA:13,0,0,3
BRDA:13,0,1,0
BRDA:13,1,0,3
BRDA:13,1,1,3
BRDA:28,2,0,3
BRDA:28,2,1,0
BRDA:28,3,0,3
BRDA:28,3,1,3
BRDA:39,4,0,3
BRDA:39,4,1,0
BRDA:39,5,0,3
BRDA:39,5,1,3
BRDA:10,6,0,3
BRDA:10,6,1,0
BRDA:10,7,0,3
BRDA:10,7,1,3
BRF:16
BRH:12
end_of_record
TN:
SF:src/coupons/coupons.service.ts
FN:16,(anonymous_5)
FN:20,(anonymous_6)
FN:24,(anonymous_7)
FN:31,(anonymous_8)
FN:38,(anonymous_9)
FN:44,(anonymous_10)
FNF:6
FNH:6
FNDA:1,(anonymous_5)
FNDA:2,(anonymous_6)
FNDA:6,(anonymous_7)
FNDA:2,(anonymous_8)
FNDA:2,(anonymous_9)
FNDA:8,(anonymous_10)
DA:1,3
DA:4,3
DA:5,3
DA:6,3
DA:8,3
DA:11,3
DA:13,3
DA:17,1
DA:21,2
DA:25,6
DA:26,6
DA:27,3
DA:29,3
DA:32,2
DA:33,1
DA:34,1
DA:39,2
DA:40,1
DA:41,1
DA:45,8
DA:46,8
DA:47,2
DA:49,6
DA:50,6
DA:51,6
DA:52,2
DA:54,4
LF:27
LH:27
BRDA:26,0,0,3
BRDA:26,0,1,3
BRDA:46,1,0,2
BRDA:46,1,1,6
BRDA:51,2,0,2
BRDA:51,2,1,4
BRDA:13,3,0,3
BRDA:13,3,1,0
BRDA:13,4,0,3
BRDA:13,4,1,3
BRF:10
BRH:9
end_of_record
TN:
SF:src/products/products.controller.ts
FN:10,(anonymous_4)
FN:13,(anonymous_5)
FN:18,(anonymous_6)
FN:26,(anonymous_7)
FN:31,(anonymous_8)
FN:38,(anonymous_9)
FNF:6
FNH:6
FNDA:3,(anonymous_4)
FNDA:2,(anonymous_5)
FNDA:6,(anonymous_6)
FNDA:2,(anonymous_7)
FNDA:3,(anonymous_8)
FNDA:2,(anonymous_9)
DA:1,3
DA:2,3
DA:3,3
DA:4,3
DA:5,3
DA:6,3
DA:9,3
DA:10,3
DA:13,3
DA:14,2
DA:18,3
DA:19,6
DA:20,6
DA:21,6
DA:22,6
DA:26,3
DA:27,2
DA:31,3
DA:34,3
DA:38,3
DA:39,2
LF:21
LH:21
BRDA:19,0,0,3
BRDA:19,0,1,3
BRDA:20,1,0,2
BRDA:20,1,1,4
BRDA:21,2,0,2
BRDA:21,2,1,4
BRDA:13,3,0,3
BRDA:13,3,1,0
BRDA:13,4,0,3
BRDA:13,4,1,3
BRDA:18,5,0,3
BRDA:18,5,1,0
BRDA:18,6,0,3
BRDA:18,6,1,3
BRDA:33,7,0,3
BRDA:33,7,1,0
BRDA:33,8,0,3
BRDA:33,8,1,3
BRDA:10,9,0,3
BRDA:10,9,1,0
BRDA:10,10,0,3
BRDA:10,10,1,3
BRF:22
BRH:18
end_of_record
TN:
SF:src/products/products.service.ts
FN:17,(anonymous_5)
FN:32,(anonymous_6)
FN:57,(anonymous_7)
FN:76,(anonymous_8)
FN:93,(anonymous_9)
FNF:5
FNH:5
FNDA:2,(anonymous_5)
FNDA:6,(anonymous_6)
FNDA:7,(anonymous_7)
FNDA:3,(anonymous_8)
FNDA:2,(anonymous_9)
DA:1,3
DA:4,3
DA:5,3
DA:6,3
DA:7,3
DA:10,3
DA:13,3
DA:14,3
DA:18,2
DA:19,2
DA:20,1
DA:21,1
DA:22,1
DA:25,1
DA:33,6
DA:44,6
DA:45,3
DA:53,6
DA:54,6
DA:58,7
DA:67,7
DA:68,3
DA:69,3
DA:70,3
DA:73,4
DA:77,3
DA:78,2
DA:80,2
DA:81,2
DA:82,2
DA:83,1
DA:84,1
DA:85,1
DA:87,1
DA:90,1
DA:94,2
DA:95,1
DA:96,1
LF:38
LH:38
BRDA:19,0,0,1
BRDA:19,0,1,1
BRDA:44,1,0,3
BRDA:44,1,1,3
BRDA:67,2,0,3
BRDA:67,2,1,4
BRDA:80,3,0,2
BRDA:80,3,1,0
BRDA:82,4,0,1
BRDA:82,4,1,1
BRDA:13,5,0,3
BRDA:13,5,1,0
BRDA:13,6,0,3
BRDA:13,6,1,3
BRDA:13,7,0,3
BRDA:13,7,1,0
BRDA:13,8,0,3
BRDA:13,8,1,3
BRF:18
BRH:15
end_of_record
TN:
SF:src/seeder/seeder.service.ts
FN:12,(anonymous_4)
FN:18,(anonymous_5)
FN:24,(anonymous_6)
FNF:3
FNH:0
FNDA:0,(anonymous_4)
FNDA:0,(anonymous_5)
FNDA:0,(anonymous_6)
DA:1,0
DA:2,0
DA:3,0
DA:4,0
DA:5,0
DA:6,0
DA:7,0
DA:10,0
DA:13,0
DA:14,0
DA:15,0
DA:19,0
DA:20,0
DA:21,0
DA:25,0
DA:26,0
DA:27,0
DA:29,0
DA:30,0
DA:31,0
DA:32,0
DA:33,0
DA:34,0
DA:35,0
DA:37,0
LF:25
LH:0
BRDA:29,0,0,0
BRDA:29,0,1,0
BRDA:13,1,0,0
BRDA:13,1,1,0
BRDA:13,2,0,0
BRDA:13,2,1,0
BRDA:13,3,0,0
BRDA:13,3,1,0
BRDA:13,4,0,0
BRDA:13,4,1,0
BRDA:14,5,0,0
BRDA:14,5,1,0
BRDA:14,6,0,0
BRDA:14,6,1,0
BRF:14
BRH:0
end_of_record
TN:
SF:src/seeder/data/categories.ts
FNF:0
FNH:0
DA:1,0
LF:1
LH:0
BRF:0
BRH:0
end_of_record
TN:
SF:src/seeder/data/products.ts
FNF:0
FNH:0
DA:1,0
LF:1
LH:0
BRF:0
BRH:0
end_of_record
TN:
SF:src/transactions/transactions.controller.ts
FN:8,(anonymous_4)
FN:11,(anonymous_5)
FN:16,(anonymous_6)
FN:21,(anonymous_7)
FN:26,(anonymous_8)
FNF:5
FNH:5
FNDA:2,(anonymous_4)
FNDA:6,(anonymous_5)
FNDA:4,(anonymous_6)
FNDA:2,(anonymous_7)
FNDA:2,(anonymous_8)
DA:1,2
DA:2,2
DA:3,2
DA:4,2
DA:7,2
DA:8,2
DA:11,2
DA:12,6
DA:16,2
DA:17,4
DA:21,2
DA:22,2
DA:26,2
DA:27,2
LF:14
LH:14
BRDA:11,0,0,2
BRDA:11,0,1,0
BRDA:11,1,0,2
BRDA:11,1,1,2
BRDA:8,2,0,2
BRDA:8,2,1,0
BRDA:8,3,0,2
BRDA:8,3,1,2
BRF:8
BRH:6
end_of_record
TN:
SF:src/transactions/transactions.service.ts
FN:13,(anonymous_4)
FN:19,(anonymous_5)
FN:21,(anonymous_6)
FN:24,(anonymous_7)
FN:70,(anonymous_8)
FN:96,(anonymous_9)
FN:114,(anonymous_10)
FNF:7
FNH:7
FNDA:2,(anonymous_4)
FNDA:6,(anonymous_5)
FNDA:6,(anonymous_6)
FNDA:10,(anonymous_7)
FNDA:4,(anonymous_8)
FNDA:4,(anonymous_9)
FNDA:2,(anonymous_10)
DA:1,2
DA:4,2
DA:5,2
DA:6,2
DA:7,2
DA:8,2
DA:9,2
DA:12,2
DA:14,2
DA:15,2
DA:16,2
DA:17,2
DA:21,6
DA:23,6
DA:24,10
DA:26,6
DA:27,6
DA:29,6
DA:30,5
DA:31,3
DA:33,3
DA:34,3
DA:35,3
DA:38,4
DA:39,6
DA:40,6
DA:41,6
DA:42,1
DA:43,1
DA:47,5
DA:48,1
DA:49,1
DA:52,4
DA:55,4
DA:56,4
DA:57,4
DA:58,4
DA:59,4
DA:62,4
DA:63,4
DA:66,2
DA:71,4
DA:77,4
DA:78,2
DA:80,2
DA:81,1
DA:84,1
DA:85,1
DA:88,1
DA:93,3
DA:97,4
DA:106,4
DA:107,2
DA:110,2
DA:115,2
DA:117,1
DA:118,0
DA:121,1
DA:122,0
DA:124,0
DA:125,0
DA:126,0
DA:129,0
DA:131,0
DA:132,0
DA:136,1
DA:137,1
LF:67
LH:59
BRDA:29,0,0,5
BRDA:29,0,1,1
BRDA:41,1,0,1
BRDA:41,1,1,5
BRDA:47,2,0,1
BRDA:47,2,1,4
BRDA:77,3,0,2
BRDA:77,3,1,2
BRDA:80,4,0,1
BRDA:80,4,1,1
BRDA:106,5,0,2
BRDA:106,5,1,2
BRDA:117,6,0,0
BRDA:117,6,1,1
BRDA:124,7,0,0
BRDA:124,7,1,0
BRDA:131,8,0,0
BRDA:131,8,1,0
BRDA:14,9,0,2
BRDA:14,9,1,0
BRDA:14,10,0,2
BRDA:14,10,1,2
BRDA:14,11,0,2
BRDA:14,11,1,0
BRDA:14,12,0,2
BRDA:14,12,1,2
BRDA:15,13,0,2
BRDA:15,13,1,0
BRDA:15,14,0,2
BRDA:15,14,1,2
BRDA:16,15,0,2
BRDA:16,15,1,0
BRDA:16,16,0,2
BRDA:16,16,1,2
BRF:34
BRH:25
end_of_record
