TN:
SF:src/app.controller.ts
FN:6,(anonymous_2)
FN:9,(anonymous_3)
FN:14,(anonymous_4)
FN:19,(anonymous_5)
FNF:4
FNH:2
FNDA:1,(anonymous_2)
FNDA:1,(anonymous_3)
FNDA:0,(anonymous_4)
FNDA:0,(anonymous_5)
DA:1,1
DA:2,1
DA:5,1
DA:6,1
DA:9,1
DA:10,1
DA:14,1
DA:15,0
DA:19,1
DA:20,0
LF:10
LH:8
BRDA:6,0,0,1
BRDA:6,0,1,0
BRDA:6,1,0,1
BRDA:6,1,1,1
BRF:4
BRH:3
end_of_record
TN:
SF:src/app.service.ts
FN:5,(anonymous_1)
FN:8,(anonymous_2)
FN:11,(anonymous_3)
FNF:3
FNH:1
FNDA:1,(anonymous_1)
FNDA:0,(anonymous_2)
FNDA:0,(anonymous_3)
DA:1,1
DA:4,1
DA:6,1
DA:9,0
DA:12,0
LF:5
LH:3
BRF:0
BRH:0
end_of_record
TN:
SF:src/seeder.ts
FN:5,bootstrap
FNF:1
FNH:0
FNDA:0,bootstrap
DA:1,0
DA:2,0
DA:3,0
DA:6,0
DA:7,0
DA:8,0
DA:9,0
DA:11,0
LF:8
LH:0
BRF:0
BRH:0
end_of_record
TN:
SF:src/categories/categories.controller.ts
FN:9,(anonymous_4)
FN:12,(anonymous_5)
FN:17,(anonymous_6)
FN:22,(anonymous_7)
FN:28,(anonymous_8)
FN:33,(anonymous_9)
FNF:6
FNH:6
FNDA:5,(anonymous_4)
FNDA:4,(anonymous_5)
FNDA:2,(anonymous_6)
FNDA:2,(anonymous_7)
FNDA:2,(anonymous_8)
FNDA:2,(anonymous_9)
DA:1,5
DA:2,5
DA:3,5
DA:4,5
DA:5,5
DA:8,5
DA:9,5
DA:12,5
DA:13,4
DA:17,5
DA:18,2
DA:22,5
DA:24,2
DA:28,5
DA:29,2
DA:33,5
DA:34,2
LF:17
LH:17
BRDA:12,0,0,5
BRDA:12,0,1,0
BRDA:12,1,0,5
BRDA:12,1,1,5
BRDA:28,2,0,5
BRDA:28,2,1,0
BRDA:28,3,0,5
BRDA:28,3,1,5
BRDA:9,4,0,5
BRDA:9,4,1,0
BRDA:9,5,0,5
BRDA:9,5,1,5
BRF:12
BRH:9
end_of_record
TN:
SF:src/categories/categories.service.ts
FN:14,(anonymous_5)
FN:18,(anonymous_6)
FN:22,(anonymous_7)
FN:30,(anonymous_8)
FN:36,(anonymous_9)
FNF:5
FNH:5
FNDA:4,(anonymous_5)
FNDA:2,(anonymous_6)
FNDA:6,(anonymous_7)
FNDA:2,(anonymous_8)
FNDA:2,(anonymous_9)
DA:1,5
DA:2,5
DA:5,5
DA:6,5
DA:9,5
DA:11,5
DA:15,4
DA:19,2
DA:23,6
DA:24,6
DA:25,3
DA:27,3
DA:31,2
DA:32,1
DA:33,1
DA:37,2
DA:38,1
DA:39,1
LF:18
LH:18
BRDA:24,0,0,3
BRDA:24,0,1,3
BRDA:11,1,0,5
BRDA:11,1,1,0
BRDA:11,2,0,5
BRDA:11,2,1,5
BRF:6
BRH:5
end_of_record
TN:
SF:src/common/pipes/id-validation/id-validation.pipe.ts
FN:6,(anonymous_2)
FN:9,(anonymous_3)
FNF:2
FNH:2
FNDA:16,(anonymous_2)
FNDA:11,(anonymous_3)
DA:1,6
DA:4,6
DA:7,16
DA:9,11
LF:4
LH:4
BRF:0
BRH:0
end_of_record
TN:
SF:src/common/test-data/index.ts
FN:38,(anonymous_9)
FN:38,(anonymous_10)
FN:40,(anonymous_11)
FN:40,(anonymous_12)
FN:43,(anonymous_13)
FN:43,(anonymous_14)
FN:45,(anonymous_15)
FN:45,(anonymous_16)
FN:47,(anonymous_17)
FN:50,(anonymous_18)
FN:52,(anonymous_19)
FN:53,(anonymous_20)
FN:66,(anonymous_21)
FN:67,(anonymous_22)
FN:81,(anonymous_23)
FN:82,(anonymous_24)
FN:87,(anonymous_25)
FN:101,(anonymous_26)
FN:102,(anonymous_27)
FN:104,(anonymous_28)
FN:105,(anonymous_29)
FN:107,(anonymous_30)
FN:108,(anonymous_31)
FN:111,(anonymous_32)
FN:113,(anonymous_33)
FN:115,(anonymous_34)
FN:122,(anonymous_35)
FN:123,(anonymous_36)
FN:126,(anonymous_37)
FN:134,(anonymous_38)
FN:135,(anonymous_39)
FN:136,(anonymous_40)
FN:160,(anonymous_41)
FN:179,(anonymous_42)
FN:198,(anonymous_43)
FN:203,(anonymous_44)
FN:208,(anonymous_45)
FNF:37
FNH:0
FNDA:0,(anonymous_9)
FNDA:0,(anonymous_10)
FNDA:0,(anonymous_11)
FNDA:0,(anonymous_12)
FNDA:0,(anonymous_13)
FNDA:0,(anonymous_14)
FNDA:0,(anonymous_15)
FNDA:0,(anonymous_16)
FNDA:0,(anonymous_17)
FNDA:0,(anonymous_18)
FNDA:0,(anonymous_19)
FNDA:0,(anonymous_20)
FNDA:0,(anonymous_21)
FNDA:0,(anonymous_22)
FNDA:0,(anonymous_23)
FNDA:0,(anonymous_24)
FNDA:0,(anonymous_25)
FNDA:0,(anonymous_26)
FNDA:0,(anonymous_27)
FNDA:0,(anonymous_28)
FNDA:0,(anonymous_29)
FNDA:0,(anonymous_30)
FNDA:0,(anonymous_31)
FNDA:0,(anonymous_32)
FNDA:0,(anonymous_33)
FNDA:0,(anonymous_34)
FNDA:0,(anonymous_35)
FNDA:0,(anonymous_36)
FNDA:0,(anonymous_37)
FNDA:0,(anonymous_38)
FNDA:0,(anonymous_39)
FNDA:0,(anonymous_40)
FNDA:0,(anonymous_41)
FNDA:0,(anonymous_42)
FNDA:0,(anonymous_43)
FNDA:0,(anonymous_44)
FNDA:0,(anonymous_45)
DA:2,4
DA:3,4
DA:9,4
DA:12,4
DA:15,4
DA:18,4
DA:19,4
DA:20,4
DA:21,4
DA:24,4
DA:25,4
DA:26,4
DA:27,4
DA:28,4
DA:29,4
DA:32,4
DA:33,4
DA:34,4
DA:35,4
DA:38,4
DA:40,4
DA:43,4
DA:45,4
DA:47,4
DA:50,0
DA:52,4
DA:53,0
DA:54,0
DA:57,0
DA:63,0
DA:66,4
DA:67,0
DA:68,0
DA:71,0
DA:77,0
DA:81,4
DA:82,0
DA:83,0
DA:86,0
DA:87,0
DA:90,0
DA:98,0
DA:101,4
DA:102,0
DA:104,4
DA:105,0
DA:107,4
DA:108,0
DA:111,4
DA:113,0
DA:115,0
DA:122,4
DA:123,0
DA:124,0
DA:126,0
DA:127,0
DA:134,4
DA:135,0
DA:136,0
DA:137,0
DA:149,4
DA:160,4
DA:166,0
DA:167,0
DA:168,0
DA:170,0
DA:179,4
DA:187,0
DA:198,4
DA:199,0
DA:203,4
DA:204,0
DA:208,4
DA:209,0
DA:210,0
DA:211,0
DA:212,0
DA:213,0
DA:215,0
DA:216,0
DA:218,0
DA:219,0
DA:221,0
DA:222,0
DA:223,0
DA:225,0
DA:234,0
LF:87
LH:39
BRDA:54,0,0,0
BRDA:54,0,1,0
BRDA:68,1,0,0
BRDA:68,1,1,0
BRDA:83,2,0,0
BRDA:83,2,1,0
BRDA:86,3,0,0
BRDA:86,3,1,0
BRDA:95,4,0,0
BRDA:95,4,1,0
BRDA:104,5,0,0
BRDA:107,6,0,0
BRDA:117,7,0,0
BRDA:117,7,1,0
BRDA:124,8,0,0
BRDA:124,8,1,0
BRDA:129,9,0,0
BRDA:129,9,1,0
BRDA:139,10,0,0
BRDA:139,10,1,0
BRDA:163,11,0,0
BRDA:164,12,0,0
BRDA:167,13,0,0
BRDA:167,13,1,0
BRF:24
BRH:0
end_of_record
TN:
SF:src/common/test-helpers/validation-test.helper.ts
FN:9,(anonymous_0)
FN:30,(anonymous_1)
FN:41,(anonymous_2)
FNF:3
FNH:0
FNDA:0,(anonymous_0)
FNDA:0,(anonymous_1)
FNDA:0,(anonymous_2)
DA:1,0
DA:2,0
DA:9,0
DA:10,0
DA:13,0
DA:18,0
DA:19,0
DA:21,0
DA:30,0
DA:31,0
DA:41,0
DA:48,0
DA:51,0
LF:13
LH:0
BRDA:9,0,0,0
BRDA:45,1,0,0
BRF:2
BRH:0
end_of_record
TN:
SF:src/config/typeorm.config.ts
FN:5,(anonymous_0)
FNF:1
FNH:1
FNDA:1,(anonymous_0)
DA:3,1
DA:5,1
DA:8,1
DA:9,1
DA:13,1
LF:5
LH:5
BRDA:8,0,0,1
BRDA:8,0,1,0
BRDA:9,1,0,1
BRDA:9,1,1,0
BRF:4
BRH:2
end_of_record
TN:
SF:src/coupons/coupons.controller.ts
FN:20,(anonymous_4)
FN:23,(anonymous_5)
FN:28,(anonymous_6)
FN:33,(anonymous_7)
FN:38,(anonymous_8)
FN:43,(anonymous_9)
FN:49,(anonymous_10)
FNF:7
FNH:7
FNDA:4,(anonymous_4)
FNDA:2,(anonymous_5)
FNDA:2,(anonymous_6)
FNDA:2,(anonymous_7)
FNDA:2,(anonymous_8)
FNDA:2,(anonymous_9)
FNDA:3,(anonymous_10)
DA:1,4
DA:12,4
DA:13,4
DA:14,4
DA:15,4
DA:16,4
DA:19,4
DA:20,4
DA:23,4
DA:24,2
DA:28,4
DA:29,2
DA:33,4
DA:34,2
DA:38,4
DA:39,2
DA:43,4
DA:44,2
DA:49,4
DA:50,3
LF:20
LH:20
BRDA:23,0,0,4
BRDA:23,0,1,0
BRDA:23,1,0,4
BRDA:23,1,1,4
BRDA:38,2,0,4
BRDA:38,2,1,0
BRDA:38,3,0,4
BRDA:38,3,1,4
BRDA:49,4,0,4
BRDA:49,4,1,0
BRDA:49,5,0,4
BRDA:49,5,1,4
BRDA:20,6,0,4
BRDA:20,6,1,0
BRDA:20,7,0,4
BRDA:20,7,1,4
BRF:16
BRH:12
end_of_record
TN:
SF:src/coupons/coupons.service.ts
FN:15,(anonymous_5)
FN:19,(anonymous_6)
FN:23,(anonymous_7)
FN:30,(anonymous_8)
FN:36,(anonymous_9)
FN:42,(anonymous_10)
FNF:6
FNH:6
FNDA:2,(anonymous_5)
FNDA:2,(anonymous_6)
FNDA:6,(anonymous_7)
FNDA:2,(anonymous_8)
FNDA:2,(anonymous_9)
FNDA:9,(anonymous_10)
DA:1,4
DA:4,4
DA:5,4
DA:6,4
DA:7,4
DA:10,4
DA:12,4
DA:16,2
DA:20,2
DA:24,6
DA:25,6
DA:26,3
DA:28,3
DA:31,2
DA:32,1
DA:33,1
DA:37,2
DA:38,1
DA:39,1
DA:43,9
DA:44,9
DA:45,2
DA:47,7
DA:48,7
DA:49,7
DA:50,2
DA:52,5
LF:27
LH:27
BRDA:25,0,0,3
BRDA:25,0,1,3
BRDA:44,1,0,2
BRDA:44,1,1,7
BRDA:49,2,0,2
BRDA:49,2,1,5
BRDA:12,3,0,4
BRDA:12,3,1,0
BRDA:12,4,0,4
BRDA:12,4,1,4
BRF:10
BRH:9
end_of_record
TN:
SF:src/products/products.controller.ts
FN:10,(anonymous_4)
FN:13,(anonymous_5)
FN:18,(anonymous_6)
FN:26,(anonymous_7)
FN:31,(anonymous_8)
FN:36,(anonymous_9)
FNF:6
FNH:6
FNDA:4,(anonymous_4)
FNDA:7,(anonymous_5)
FNDA:6,(anonymous_6)
FNDA:2,(anonymous_7)
FNDA:3,(anonymous_8)
FNDA:2,(anonymous_9)
DA:1,4
DA:2,4
DA:3,4
DA:4,4
DA:5,4
DA:6,4
DA:9,4
DA:10,4
DA:13,4
DA:14,7
DA:18,4
DA:19,6
DA:20,6
DA:21,6
DA:22,6
DA:26,4
DA:27,2
DA:31,4
DA:32,3
DA:36,4
DA:37,2
LF:21
LH:21
BRDA:19,0,0,3
BRDA:19,0,1,3
BRDA:20,1,0,2
BRDA:20,1,1,4
BRDA:21,2,0,2
BRDA:21,2,1,4
BRDA:13,3,0,4
BRDA:13,3,1,0
BRDA:13,4,0,4
BRDA:13,4,1,4
BRDA:18,5,0,4
BRDA:18,5,1,0
BRDA:18,6,0,4
BRDA:18,6,1,4
BRDA:31,7,0,4
BRDA:31,7,1,0
BRDA:31,8,0,4
BRDA:31,8,1,4
BRDA:10,9,0,4
BRDA:10,9,1,0
BRDA:10,10,0,4
BRDA:10,10,1,4
BRF:22
BRH:18
end_of_record
TN:
SF:src/products/products.service.ts
FN:16,(anonymous_5)
FN:30,(anonymous_6)
FN:55,(anonymous_7)
FN:74,(anonymous_8)
FN:91,(anonymous_9)
FNF:5
FNH:5
FNDA:7,(anonymous_5)
FNDA:6,(anonymous_6)
FNDA:7,(anonymous_7)
FNDA:3,(anonymous_8)
FNDA:2,(anonymous_9)
DA:1,4
DA:4,4
DA:5,4
DA:6,4
DA:7,4
DA:10,4
DA:12,4
DA:13,4
DA:17,7
DA:18,7
DA:19,1
DA:20,1
DA:21,1
DA:24,6
DA:31,6
DA:42,6
DA:43,3
DA:51,6
DA:52,6
DA:56,7
DA:65,7
DA:66,3
DA:67,3
DA:68,3
DA:71,4
DA:75,3
DA:76,2
DA:78,2
DA:79,2
DA:80,2
DA:81,1
DA:82,1
DA:83,1
DA:85,1
DA:88,1
DA:92,2
DA:93,1
DA:94,1
LF:38
LH:38
BRDA:18,0,0,1
BRDA:18,0,1,6
BRDA:42,1,0,3
BRDA:42,1,1,3
BRDA:65,2,0,3
BRDA:65,2,1,4
BRDA:78,3,0,2
BRDA:78,3,1,0
BRDA:80,4,0,1
BRDA:80,4,1,1
BRDA:12,5,0,4
BRDA:12,5,1,0
BRDA:12,6,0,4
BRDA:12,6,1,4
BRDA:12,7,0,4
BRDA:12,7,1,0
BRDA:12,8,0,4
BRDA:12,8,1,4
BRF:18
BRH:15
end_of_record
TN:
SF:src/seeder/seeder.service.ts
FN:12,(anonymous_4)
FN:18,(anonymous_5)
FN:24,(anonymous_6)
FNF:3
FNH:0
FNDA:0,(anonymous_4)
FNDA:0,(anonymous_5)
FNDA:0,(anonymous_6)
DA:1,0
DA:2,0
DA:3,0
DA:4,0
DA:5,0
DA:6,0
DA:7,0
DA:10,0
DA:13,0
DA:14,0
DA:15,0
DA:19,0
DA:20,0
DA:21,0
DA:25,0
DA:26,0
DA:27,0
DA:29,0
DA:30,0
DA:31,0
DA:32,0
DA:33,0
DA:34,0
DA:35,0
DA:37,0
LF:25
LH:0
BRDA:29,0,0,0
BRDA:29,0,1,0
BRDA:13,1,0,0
BRDA:13,1,1,0
BRDA:13,2,0,0
BRDA:13,2,1,0
BRDA:13,3,0,0
BRDA:13,3,1,0
BRDA:13,4,0,0
BRDA:13,4,1,0
BRDA:14,5,0,0
BRDA:14,5,1,0
BRDA:14,6,0,0
BRDA:14,6,1,0
BRF:14
BRH:0
end_of_record
TN:
SF:src/seeder/data/categories.ts
FNF:0
FNH:0
DA:1,0
LF:1
LH:0
BRF:0
BRH:0
end_of_record
TN:
SF:src/seeder/data/products.ts
FNF:0
FNH:0
DA:1,0
LF:1
LH:0
BRF:0
BRH:0
end_of_record
TN:
SF:src/transactions/transactions.controller.ts
FN:8,(anonymous_4)
FN:11,(anonymous_5)
FN:16,(anonymous_6)
FN:21,(anonymous_7)
FN:26,(anonymous_8)
FNF:5
FNH:5
FNDA:3,(anonymous_4)
FNDA:9,(anonymous_5)
FNDA:4,(anonymous_6)
FNDA:3,(anonymous_7)
FNDA:2,(anonymous_8)
DA:1,3
DA:2,3
DA:3,3
DA:4,3
DA:7,3
DA:8,3
DA:11,3
DA:12,9
DA:16,3
DA:17,4
DA:21,3
DA:22,3
DA:26,3
DA:27,2
LF:14
LH:14
BRDA:11,0,0,3
BRDA:11,0,1,0
BRDA:11,1,0,3
BRDA:11,1,1,3
BRDA:8,2,0,3
BRDA:8,2,1,0
BRDA:8,3,0,3
BRDA:8,3,1,3
BRF:8
BRH:6
end_of_record
TN:
SF:src/transactions/transactions.service.ts
FN:13,(anonymous_4)
FN:20,(anonymous_5)
FN:21,(anonymous_6)
FN:24,(anonymous_7)
FN:71,(anonymous_8)
FN:97,(anonymous_9)
FN:114,(anonymous_10)
FNF:7
FNH:7
FNDA:3,(anonymous_4)
FNDA:9,(anonymous_5)
FNDA:9,(anonymous_6)
FNDA:15,(anonymous_7)
FNDA:4,(anonymous_8)
FNDA:5,(anonymous_9)
FNDA:2,(anonymous_10)
DA:1,3
DA:4,3
DA:5,3
DA:6,3
DA:7,3
DA:8,3
DA:9,3
DA:12,3
DA:14,3
DA:16,3
DA:17,3
DA:18,3
DA:21,9
DA:22,9
DA:23,9
DA:24,15
DA:28,9
DA:29,9
DA:31,9
DA:32,6
DA:33,4
DA:35,4
DA:36,4
DA:37,4
DA:40,7
DA:41,11
DA:44,11
DA:45,11
DA:46,1
DA:47,1
DA:50,10
DA:51,2
DA:52,2
DA:55,8
DA:58,8
DA:59,8
DA:60,8
DA:61,8
DA:62,8
DA:64,8
DA:65,8
DA:67,4
DA:72,4
DA:78,4
DA:79,2
DA:81,2
DA:82,1
DA:85,1
DA:86,1
DA:89,1
DA:94,3
DA:98,5
DA:107,5
DA:108,2
DA:111,3
DA:115,2
DA:117,1
DA:118,0
DA:121,1
DA:122,0
DA:124,0
DA:125,0
DA:126,0
DA:129,0
DA:133,0
DA:134,0
DA:138,1
DA:139,1
LF:68
LH:60
BRDA:31,0,0,6
BRDA:31,0,1,3
BRDA:45,1,0,1
BRDA:45,1,1,10
BRDA:50,2,0,2
BRDA:50,2,1,8
BRDA:78,3,0,2
BRDA:78,3,1,2
BRDA:81,4,0,1
BRDA:81,4,1,1
BRDA:107,5,0,2
BRDA:107,5,1,3
BRDA:117,6,0,0
BRDA:117,6,1,1
BRDA:124,7,0,0
BRDA:124,7,1,0
BRDA:133,8,0,0
BRDA:133,8,1,0
BRDA:14,9,0,3
BRDA:14,9,1,0
BRDA:14,10,0,3
BRDA:14,10,1,3
BRDA:14,11,0,3
BRDA:14,11,1,0
BRDA:14,12,0,3
BRDA:14,12,1,3
BRDA:16,13,0,3
BRDA:16,13,1,0
BRDA:16,14,0,3
BRDA:16,14,1,3
BRDA:17,15,0,3
BRDA:17,15,1,0
BRDA:17,16,0,3
BRDA:17,16,1,3
BRF:34
BRH:25
end_of_record
